<?xml version="1.0" encoding="UTF-8"?>
<!-- Generated by org.testng.reporters.JUnitReportReporter -->
<testsuite skipped="24" hostname="LAPTOP-6T9NE33L" name="com.SFDC.Automation.AutomationScript_Test" tests="27" failures="0" timestamp="20 Jul 2019 23:35:40 GMT" time="46.358" errors="0">
  <testcase name="Login" time="19.666" classname="com.SFDC.Automation.AutomationScript_Test"/>
  <testcase name="Contact_TC25" time="17.118" classname="com.SFDC.Automation.AutomationScript_Test"/>
  <testcase name="Contact_View_TC26" time="9.574" classname="com.SFDC.Automation.AutomationScript_Test"/>
  <testcase name="oppurtunity_TC15" classname="com.SFDC.Automation.AutomationScript_Test">
    <skipped/>
  </testcase> <!-- oppurtunity_TC15 -->
  <testcase name="MyProfile_TC06" classname="com.SFDC.Automation.AutomationScript_Test">
    <skipped/>
  </testcase> <!-- MyProfile_TC06 -->
  <testcase name="Test_Quarterly_Summary_Report_TC19" classname="com.SFDC.Automation.AutomationScript_Test">
    <skipped/>
  </testcase> <!-- Test_Quarterly_Summary_Report_TC19 -->
  <testcase name="UserMenu_LogOut_09" classname="com.SFDC.Automation.AutomationScript_Test">
    <skipped/>
  </testcase> <!-- UserMenu_LogOut_09 -->
  <testcase name="Accounts_Merge_TC13" classname="com.SFDC.Automation.AutomationScript_Test">
    <skipped/>
  </testcase> <!-- Accounts_Merge_TC13 -->
  <testcase name="NewButton_TC24" classname="com.SFDC.Automation.AutomationScript_Test">
    <skipped/>
  </testcase> <!-- NewButton_TC24 -->
  <testcase name="TodaysLead_TC23" classname="com.SFDC.Automation.AutomationScript_Test">
    <skipped/>
  </testcase> <!-- TodaysLead_TC23 -->
  <testcase name="Create_new_Opty_TC16" classname="com.SFDC.Automation.AutomationScript_Test">
    <skipped/>
  </testcase> <!-- Create_new_Opty_TC16 -->
  <testcase name="UserMenu_MySetting_Email_07" classname="com.SFDC.Automation.AutomationScript_Test">
    <skipped/>
  </testcase> <!-- UserMenu_MySetting_Email_07 -->
  <testcase name="UserMenu_MySetting_Display_07" classname="com.SFDC.Automation.AutomationScript_Test">
    <skipped/>
  </testcase> <!-- UserMenu_MySetting_Display_07 -->
  <testcase name="UserMenu_DeveloperConsole_08" classname="com.SFDC.Automation.AutomationScript_Test">
    <skipped/>
  </testcase> <!-- UserMenu_DeveloperConsole_08 -->
  <testcase name="LeadTab_TC20" classname="com.SFDC.Automation.AutomationScript_Test">
    <skipped/>
  </testcase> <!-- LeadTab_TC20 -->
  <testcase name="initialize_Driver" classname="com.SFDC.Automation.AutomationScript_Test">
    <skipped/>
  </testcase> <!-- initialize_Driver -->
  <testcase name="UserMenu_MySetting_CalendarReminder_07" classname="com.SFDC.Automation.AutomationScript_Test">
    <skipped/>
  </testcase> <!-- UserMenu_MySetting_CalendarReminder_07 -->
  <testcase name="UserMenu_TC05" classname="com.SFDC.Automation.AutomationScript_Test">
    <skipped/>
  </testcase> <!-- UserMenu_TC05 -->
  <testcase name="oppurtunity_Stuck_report_TC18" classname="com.SFDC.Automation.AutomationScript_Test">
    <skipped/>
  </testcase> <!-- oppurtunity_Stuck_report_TC18 -->
  <testcase name="UserMenu_MySetting_Personal_TC07" classname="com.SFDC.Automation.AutomationScript_Test">
    <skipped/>
  </testcase> <!-- UserMenu_MySetting_Personal_TC07 -->
  <testcase name="ViewDropDown_TC21" classname="com.SFDC.Automation.AutomationScript_Test">
    <skipped/>
  </testcase> <!-- ViewDropDown_TC21 -->
  <testcase name="Functionality_Go_Button_TC22" classname="com.SFDC.Automation.AutomationScript_Test">
    <skipped/>
  </testcase> <!-- Functionality_Go_Button_TC22 -->
  <testcase name="launchUrl" classname="com.SFDC.Automation.AutomationScript_Test">
    <skipped/>
  </testcase> <!-- launchUrl -->
  <testcase name="Accounts_Edit_View_TC12" classname="com.SFDC.Automation.AutomationScript_Test">
    <skipped/>
  </testcase> <!-- Accounts_Edit_View_TC12 -->
  <testcase name="Accounts_Create_New_TC10" classname="com.SFDC.Automation.AutomationScript_Test">
    <skipped/>
  </testcase> <!-- Accounts_Create_New_TC10 -->
  <testcase name="Accounts_Create_New_View_TC11" classname="com.SFDC.Automation.AutomationScript_Test">
    <skipped/>
  </testcase> <!-- Accounts_Create_New_View_TC11 -->
  <testcase name="oppurtunity_Pipeline_report_TC17" classname="com.SFDC.Automation.AutomationScript_Test">
    <skipped/>
  </testcase> <!-- oppurtunity_Pipeline_report_TC17 -->
</testsuite> <!-- com.SFDC.Automation.AutomationScript_Test -->
