<?xml version="1.0" encoding="UTF-8"?>
<!-- Generated by org.testng.reporters.JUnitReportReporter -->
<testsuite skipped="14" hostname="LAPTOP-6T9NE33L" name="com.SFDC.Automation.AutomationScript_Test" tests="19" failures="0" timestamp="20 Jul 2019 00:33:50 GMT" time="69.114" errors="0">
  <testcase name="Login" time="17.712" classname="com.SFDC.Automation.AutomationScript_Test"/>
  <testcase name="oppurtunity_TC15" time="9.440" classname="com.SFDC.Automation.AutomationScript_Test"/>
  <testcase name="Create_new_Opty_TC16" time="33.413" classname="com.SFDC.Automation.AutomationScript_Test"/>
  <testcase name="oppurtunity_Pipeline_report_TC17" time="4.420" classname="com.SFDC.Automation.AutomationScript_Test"/>
  <testcase name="oppurtunity_Stuck_report_TC18" time="4.129" classname="com.SFDC.Automation.AutomationScript_Test"/>
  <testcase name="MyProfile_TC06" classname="com.SFDC.Automation.AutomationScript_Test">
    <skipped/>
  </testcase> <!-- MyProfile_TC06 -->
  <testcase name="UserMenu_LogOut_09" classname="com.SFDC.Automation.AutomationScript_Test">
    <skipped/>
  </testcase> <!-- UserMenu_LogOut_09 -->
  <testcase name="Accounts_Merge_TC13" classname="com.SFDC.Automation.AutomationScript_Test">
    <skipped/>
  </testcase> <!-- Accounts_Merge_TC13 -->
  <testcase name="UserMenu_MySetting_Email_07" classname="com.SFDC.Automation.AutomationScript_Test">
    <skipped/>
  </testcase> <!-- UserMenu_MySetting_Email_07 -->
  <testcase name="UserMenu_MySetting_Display_07" classname="com.SFDC.Automation.AutomationScript_Test">
    <skipped/>
  </testcase> <!-- UserMenu_MySetting_Display_07 -->
  <testcase name="UserMenu_DeveloperConsole_08" classname="com.SFDC.Automation.AutomationScript_Test">
    <skipped/>
  </testcase> <!-- UserMenu_DeveloperConsole_08 -->
  <testcase name="initialize_Driver" classname="com.SFDC.Automation.AutomationScript_Test">
    <skipped/>
  </testcase> <!-- initialize_Driver -->
  <testcase name="UserMenu_MySetting_CalendarReminder_07" classname="com.SFDC.Automation.AutomationScript_Test">
    <skipped/>
  </testcase> <!-- UserMenu_MySetting_CalendarReminder_07 -->
  <testcase name="UserMenu_TC05" classname="com.SFDC.Automation.AutomationScript_Test">
    <skipped/>
  </testcase> <!-- UserMenu_TC05 -->
  <testcase name="UserMenu_MySetting_Personal_TC07" classname="com.SFDC.Automation.AutomationScript_Test">
    <skipped/>
  </testcase> <!-- UserMenu_MySetting_Personal_TC07 -->
  <testcase name="launchUrl" classname="com.SFDC.Automation.AutomationScript_Test">
    <skipped/>
  </testcase> <!-- launchUrl -->
  <testcase name="Accounts_Edit_View_TC12" classname="com.SFDC.Automation.AutomationScript_Test">
    <skipped/>
  </testcase> <!-- Accounts_Edit_View_TC12 -->
  <testcase name="Accounts_Create_New_TC10" classname="com.SFDC.Automation.AutomationScript_Test">
    <skipped/>
  </testcase> <!-- Accounts_Create_New_TC10 -->
  <testcase name="Accounts_Create_New_View_TC11" classname="com.SFDC.Automation.AutomationScript_Test">
    <skipped/>
  </testcase> <!-- Accounts_Create_New_View_TC11 -->
</testsuite> <!-- com.SFDC.Automation.AutomationScript_Test -->
